0 info it worked if it ends with ok
1 verbose cli [ '/usr/local/bin/node', '/usr/local/bin/npm', 'publish' ]
2 info using npm@3.10.5
3 info using node@v4.4.4
4 verbose publish [ '.' ]
5 silly cache add args [ '.', null ]
6 verbose cache add spec .
7 silly cache add parsed spec Result {
7 silly cache add   raw: '.',
7 silly cache add   scope: null,
7 silly cache add   escapedName: null,
7 silly cache add   name: null,
7 silly cache add   rawSpec: '.',
7 silly cache add   spec: '/Users/liyang/Documents/gitWorkSpace/koa-hanleUploadFile',
7 silly cache add   type: 'directory' }
8 verbose addLocalDirectory /Users/liyang/.npm/koa-handluploadfile/1.1.1/package.tgz not in flight; packing
9 verbose correctMkdir /Users/liyang/.npm correctMkdir not in flight; initializing
10 info lifecycle koa-handluploadfile@1.1.1~prepublish: koa-handluploadfile@1.1.1
11 silly lifecycle koa-handluploadfile@1.1.1~prepublish: no script for prepublish, continuing
12 verbose tar pack [ '/Users/liyang/.npm/koa-handluploadfile/1.1.1/package.tgz',
12 verbose tar pack   '/Users/liyang/Documents/gitWorkSpace/koa-hanleUploadFile' ]
13 verbose tarball /Users/liyang/.npm/koa-handluploadfile/1.1.1/package.tgz
14 verbose folder /Users/liyang/Documents/gitWorkSpace/koa-hanleUploadFile
15 verbose addLocalTarball adding from inside cache /Users/liyang/.npm/koa-handluploadfile/1.1.1/package.tgz
16 verbose correctMkdir /Users/liyang/.npm correctMkdir not in flight; initializing
17 silly cache afterAdd koa-handluploadfile@1.1.1
18 verbose afterAdd /Users/liyang/.npm/koa-handluploadfile/1.1.1/package/package.json not in flight; writing
19 verbose correctMkdir /Users/liyang/.npm correctMkdir not in flight; initializing
20 verbose afterAdd /Users/liyang/.npm/koa-handluploadfile/1.1.1/package/package.json written
21 silly publish { name: 'koa-handluploadfile',
21 silly publish   version: '1.1.1',
21 silly publish   description: '处理文件上传',
21 silly publish   main: 'index.js',
21 silly publish   scripts: { test: 'echo "Error: no test specified" && exit 1' },
21 silly publish   dependencies: { 'koa-better-body': '^3.0.0' },
21 silly publish   repository:
21 silly publish    { type: 'git',
21 silly publish      url: 'git+ssh://git@github.com/liyang31tg/koa-handluploadfile.git' },
21 silly publish   keywords: [ 'uploadfile' ],
21 silly publish   author: { name: 'liyang20097' },
21 silly publish   license: 'ISC',
21 silly publish   readme: '# koa-handluploadfile\n处理文件上传\n',
21 silly publish   readmeFilename: 'README.md',
21 silly publish   gitHead: '8bbea49e355a83d76d55cfc6d6a932b768ad0960',
21 silly publish   bugs: { url: 'https://github.com/liyang31tg/koa-handluploadfile/issues' },
21 silly publish   homepage: 'https://github.com/liyang31tg/koa-handluploadfile#readme',
21 silly publish   _id: 'koa-handluploadfile@1.1.1',
21 silly publish   _shasum: 'f9fd0ff736100658924e9375dea21d7f96276a9d',
21 silly publish   _from: '.' }
22 verbose getPublishConfig undefined
23 silly mapToRegistry name koa-handluploadfile
24 silly mapToRegistry using default registry
25 silly mapToRegistry registry http://registry.npmjs.org/
26 silly mapToRegistry data Result {
26 silly mapToRegistry   raw: 'koa-handluploadfile',
26 silly mapToRegistry   scope: null,
26 silly mapToRegistry   escapedName: 'koa-handluploadfile',
26 silly mapToRegistry   name: 'koa-handluploadfile',
26 silly mapToRegistry   rawSpec: '',
26 silly mapToRegistry   spec: 'latest',
26 silly mapToRegistry   type: 'tag' }
27 silly mapToRegistry uri http://registry.npmjs.org/koa-handluploadfile
28 verbose publish registryBase http://registry.npmjs.org/
29 silly publish uploading /Users/liyang/.npm/koa-handluploadfile/1.1.1/package.tgz
30 verbose request uri http://registry.npmjs.org/koa-handluploadfile
31 verbose request sending authorization for write operation
32 info attempt registry request try #1 at 17:36:28
33 verbose request using bearer token for auth
34 verbose request id 8bded756e66d2abe
35 http request PUT http://registry.npmjs.org/koa-handluploadfile
36 http 403 http://registry.npmjs.org/koa-handluploadfile
37 verbose headers { 'content-type': 'application/json',
37 verbose headers   'cache-control': 'max-age=300',
37 verbose headers   'content-length': '95',
37 verbose headers   'accept-ranges': 'bytes',
37 verbose headers   date: 'Fri, 07 Oct 2016 09:36:30 GMT',
37 verbose headers   via: '1.1 varnish',
37 verbose headers   connection: 'keep-alive',
37 verbose headers   'x-served-by': 'cache-ams4144-AMS',
37 verbose headers   'x-cache': 'MISS',
37 verbose headers   'x-cache-hits': '0',
37 verbose headers   'x-timer': 'S1475832989.390471,VS0,VE871',
37 verbose headers   vary: 'Accept-Encoding' }
38 verbose request invalidating /Users/liyang/.npm/registry.npmjs.org/koa-handluploadfile on PUT
39 error publish Failed PUT 403
40 verbose stack Error: "You cannot publish over the previously published version 1.1.1." : koa-handluploadfile
40 verbose stack     at makeError (/usr/local/lib/node_modules/npm/node_modules/npm-registry-client/lib/request.js:264:12)
40 verbose stack     at CachingRegistryClient.<anonymous> (/usr/local/lib/node_modules/npm/node_modules/npm-registry-client/lib/request.js:252:14)
40 verbose stack     at Request._callback (/usr/local/lib/node_modules/npm/node_modules/npm-registry-client/lib/request.js:172:14)
40 verbose stack     at Request.self.callback (/usr/local/lib/node_modules/npm/node_modules/request/request.js:200:22)
40 verbose stack     at emitTwo (events.js:87:13)
40 verbose stack     at Request.emit (events.js:172:7)
40 verbose stack     at Request.<anonymous> (/usr/local/lib/node_modules/npm/node_modules/request/request.js:1067:10)
40 verbose stack     at emitOne (events.js:82:20)
40 verbose stack     at Request.emit (events.js:169:7)
40 verbose stack     at IncomingMessage.<anonymous> (/usr/local/lib/node_modules/npm/node_modules/request/request.js:988:12)
41 verbose statusCode 403
42 verbose pkgid koa-handluploadfile
43 verbose cwd /Users/liyang/Documents/gitWorkSpace/koa-hanleUploadFile
44 error Darwin 15.5.0
45 error argv "/usr/local/bin/node" "/usr/local/bin/npm" "publish"
46 error node v4.4.4
47 error npm  v3.10.5
48 error code E403
49 error "You cannot publish over the previously published version 1.1.1." : koa-handluploadfile
50 error If you need help, you may report this error at:
50 error     <https://github.com/npm/npm/issues>
51 verbose exit [ 1, true ]
